#
# There is insufficient memory for the Java Runtime Environment to continue.
# Native memory allocation (mmap) failed to map 99614720 bytes for committing reserved memory.
# Possible reasons:
#   The system is out of physical RAM or swap space
#   In 32 bit mode, the process size limit was hit
# Possible solutions:
#   Reduce memory load on the system
#   Increase physical memory or swap space
#   Check if swap backing store is full
#   Use 64 bit Java on a 64 bit OS
#   Decrease Java heap size (-Xmx/-Xms)
#   Decrease number of Java threads
#   Decrease Java thread stack sizes (-Xss)
#   Set larger code cache with -XX:ReservedCodeCacheSize=
# This output file may be truncated or incomplete.
#
#  Out of Memory Error (os_linux.cpp:2627), pid=8242, tid=0x00007f2b4eafa700
#
# JRE version: OpenJDK Runtime Environment (8.0_76-b03) (build 1.8.0_76-release-b03)
# Java VM: OpenJDK 64-Bit Server VM (25.76-b03 mixed mode linux-amd64 compressed oops)
# Failed to write core dump. Core dumps have been disabled. To enable core dumping, try "ulimit -c unlimited" before starting Java again
#

---------------  T H R E A D  ---------------

Current thread (0x00007f2b60078000):  VMThread [stack: 0x00007f2b4e9fa000,0x00007f2b4eafb000] [id=8252]

Stack: [0x00007f2b4e9fa000,0x00007f2b4eafb000],  sp=0x00007f2b4eaf9490,  free space=1021k
Native frames: (J=compiled Java code, j=interpreted, Vv=VM code, C=native code)
V  [libjvm.so+0x9d9fcd]  VMError::report_and_die()+0x15d
V  [libjvm.so+0x4b4d4a]  report_vm_out_of_memory(char const*, int, unsigned long, VMErrorType, char const*)+0x8a
V  [libjvm.so+0x845190]  os::pd_commit_memory(char*, unsigned long, unsigned long, bool)+0xf0
V  [libjvm.so+0x83fcbf]  os::commit_memory(char*, unsigned long, unsigned long, bool)+0x1f
V  [libjvm.so+0x8b4d9b]  PSVirtualSpace::expand_by(unsigned long)+0x5b
V  [libjvm.so+0x8a5b7b]  PSOldGen::expand_by(unsigned long) [clone .part.109]+0x1b
V  [libjvm.so+0x8a5d3b]  PSOldGen::expand(unsigned long) [clone .part.111]+0xdb
V  [libjvm.so+0x8a6618]  PSOldGen::resize(unsigned long)+0x188
V  [libjvm.so+0x8abc2c]  PSParallelCompact::invoke_no_policy(bool)+0x97c
V  [libjvm.so+0x8b2d3d]  PSScavenge::invoke()+0x17d
V  [libjvm.so+0x8681f3]  ParallelScavengeHeap::failed_mem_allocate(unsigned long)+0x63
V  [libjvm.so+0x9dba94]  VM_ParallelGCFailedAllocation::doit()+0x84
V  [libjvm.so+0x9dfe47]  VM_Operation::evaluate()+0x47
V  [libjvm.so+0x9de908]  VMThread::evaluate_operation(VM_Operation*)+0x2c8
V  [libjvm.so+0x9ded89]  VMThread::loop()+0x219
V  [libjvm.so+0x9df1d2]  VMThread::run()+0x72
V  [libjvm.so+0x8425b2]  java_start(Thread*)+0xf2

VM_Operation (0x00007f2b4d709c70): ParallelGCFailedAllocation, mode: safepoint, requested by thread 0x00007f2b60189000


---------------  P R O C E S S  ---------------

Java Threads: ( => current thread )
  0x00007f2b60189000 JavaThread "pool-2-thread-4" [_thread_blocked, id=8265, stack(0x00007f2b4d60b000,0x00007f2b4d70c000)]
  0x00007f2b60187800 JavaThread "pool-2-thread-3" [_thread_blocked, id=8264, stack(0x00007f2b4d70c000,0x00007f2b4d80d000)]
  0x00007f2b60186000 JavaThread "pool-2-thread-2" [_thread_blocked, id=8263, stack(0x00007f2b4d80d000,0x00007f2b4d90e000)]
  0x00007f2b60184000 JavaThread "pool-3-thread-1" [_thread_blocked, id=8262, stack(0x00007f2b4d90e000,0x00007f2b4da0f000)]
  0x00007f2b60182800 JavaThread "pool-2-thread-1" [_thread_blocked, id=8261, stack(0x00007f2b4da0f000,0x00007f2b4db10000)]
  0x00007f2b600c8000 JavaThread "Service Thread" daemon [_thread_blocked, id=8259, stack(0x00007f2b4dc11000,0x00007f2b4dd12000)]
  0x00007f2b600bc800 JavaThread "C1 CompilerThread2" daemon [_thread_blocked, id=8258, stack(0x00007f2b4dd12000,0x00007f2b4de13000)]
  0x00007f2b600bb000 JavaThread "C2 CompilerThread1" daemon [_thread_blocked, id=8257, stack(0x00007f2b4de13000,0x00007f2b4df14000)]
  0x00007f2b600b8000 JavaThread "C2 CompilerThread0" daemon [_thread_blocked, id=8256, stack(0x00007f2b4df14000,0x00007f2b4e015000)]
  0x00007f2b600b6800 JavaThread "Signal Dispatcher" daemon [_thread_blocked, id=8255, stack(0x00007f2b4e015000,0x00007f2b4e116000)]
  0x00007f2b60084000 JavaThread "Finalizer" daemon [_thread_blocked, id=8254, stack(0x00007f2b4e7f8000,0x00007f2b4e8f9000)]
  0x00007f2b6007f800 JavaThread "Reference Handler" daemon [_thread_blocked, id=8253, stack(0x00007f2b4e8f9000,0x00007f2b4e9fa000)]
  0x00007f2b6000a800 JavaThread "main" [_thread_blocked, id=8247, stack(0x00007f2b69088000,0x00007f2b69189000)]

Other Threads:
=>0x00007f2b60078000 VMThread [stack: 0x00007f2b4e9fa000,0x00007f2b4eafb000] [id=8252]
  0x00007f2b600ca800 WatcherThread [stack: 0x00007f2b4db10000,0x00007f2b4dc11000] [id=8260]

VM state:at safepoint (normal execution)

VM Mutex/Monitor currently owned by a thread:  ([mutex/lock_event])
[0x00007f2b600063a0] ExpandHeap_lock - owner thread: 0x00007f2b60078000
[0x00007f2b60006a20] Threads_lock - owner thread: 0x00007f2b60078000
[0x00007f2b60006f20] Heap_lock - owner thread: 0x00007f2b60189000

Heap:
 PSYoungGen      total 284160K, used 8383K [0x00000000eab00000, 0x0000000100000000, 0x0000000100000000)
  eden space 219136K, 0% used [0x00000000eab00000,0x00000000eab00000,0x00000000f8100000)
  from space 65024K, 12% used [0x00000000f8100000,0x00000000f892fdb0,0x00000000fc080000)
  to   space 63488K, 0% used [0x00000000fc200000,0x00000000fc200000,0x0000000100000000)
 ParOldGen       total 147456K, used 147091K [0x00000000c0000000, 0x00000000c9000000, 0x00000000eab00000)
  object space 147456K, 99% used [0x00000000c0000000,0x00000000c8fa4d90,0x00000000c9000000)
 Metaspace       used 6516K, capacity 7280K, committed 7552K, reserved 1056768K
  class space    used 593K, capacity 616K, committed 640K, reserved 1048576K

Card table byte_map: [0x00007f2b65d32000,0x00007f2b65f33000] byte_map_base: 0x00007f2b65732000

Marking Bits: (ParMarkBitMap*) 0x00007f2b6855c1a0
 Begin Bits: [0x00007f2b4f000000, 0x00007f2b50000000)
 End Bits:   [0x00007f2b50000000, 0x00007f2b51000000)

Polling page: 0x00007f2b691a6000

CodeCache: size=245760Kb used=11281Kb max_used=11305Kb free=234478Kb
 bounds [0x00007f2b51000000, 0x00007f2b51b20000, 0x00007f2b60000000]
 total_blobs=2696 nmethods=2428 adapters=182
 compilation: enabled

Compilation events (10 events):
Event: 33.235 Thread 0x00007f2b600bc800 2593       3       com.android.dx.cf.code.Frame::initializeWithParameters (49 bytes)
Event: 33.235 Thread 0x00007f2b600bc800 nmethod 2593 0x00007f2b51aecad0 code [0x00007f2b51aecc80, 0x00007f2b51aed3a8]
Event: 33.243 Thread 0x00007f2b600bc800 2595       3       java.util.HashMap$HashIterator::<init> (79 bytes)
Event: 33.243 Thread 0x00007f2b600bc800 nmethod 2595 0x00007f2b51afa310 code [0x00007f2b51afa480, 0x00007f2b51afa810]
Event: 33.249 Thread 0x00007f2b600bc800 2596       2       java.lang.Class::getGenericInfo (52 bytes)
Event: 33.250 Thread 0x00007f2b600bc800 nmethod 2596 0x00007f2b51af9990 code [0x00007f2b51af9b20, 0x00007f2b51af9f48]
Event: 33.265 Thread 0x00007f2b600bc800 2597       2       sun.reflect.generics.repository.ClassRepository::getSuperInterfaces (77 bytes)
Event: 33.265 Thread 0x00007f2b600bc800 nmethod 2597 0x00007f2b51afd4d0 code [0x00007f2b51afd660, 0x00007f2b51afdb18]
Event: 33.267 Thread 0x00007f2b600b8000 nmethod 2586 0x00007f2b51b09610 code [0x00007f2b51b09b20, 0x00007f2b51b0cf48]
Event: 33.267 Thread 0x00007f2b600b8000 2584       4       com.android.dx.ssa.ConstCollector::updateConstUses (248 bytes)

GC Heap History (10 events):
Event: 3.269 GC heap after
Heap after GC invocations=8 (full 0):
 PSYoungGen      total 268800K, used 30716K [0x00000000eab00000, 0x00000000fe900000, 0x0000000100000000)
  eden space 238080K, 0% used [0x00000000eab00000,0x00000000eab00000,0x00000000f9380000)
  from space 30720K, 99% used [0x00000000fba00000,0x00000000fd7ff200,0x00000000fd800000)
  to   space 39424K, 0% used [0x00000000f9380000,0x00000000f9380000,0x00000000fba00000)
 ParOldGen       total 84992K, used 34520K [0x00000000c0000000, 0x00000000c5300000, 0x00000000eab00000)
  object space 84992K, 40% used [0x00000000c0000000,0x00000000c21b6100,0x00000000c5300000)
 Metaspace       used 6381K, capacity 7216K, committed 7296K, reserved 1056768K
  class space    used 593K, capacity 616K, committed 640K, reserved 1048576K
}
Event: 18.530 GC heap before
{Heap before GC invocations=9 (full 0):
 PSYoungGen      total 268800K, used 268796K [0x00000000eab00000, 0x00000000fe900000, 0x0000000100000000)
  eden space 238080K, 100% used [0x00000000eab00000,0x00000000f9380000,0x00000000f9380000)
  from space 30720K, 99% used [0x00000000fba00000,0x00000000fd7ff200,0x00000000fd800000)
  to   space 39424K, 0% used [0x00000000f9380000,0x00000000f9380000,0x00000000fba00000)
 ParOldGen       total 84992K, used 34520K [0x00000000c0000000, 0x00000000c5300000, 0x00000000eab00000)
  object space 84992K, 40% used [0x00000000c0000000,0x00000000c21b6100,0x00000000c5300000)
 Metaspace       used 6449K, capacity 7216K, committed 7296K, reserved 1056768K
  class space    used 593K, capacity 616K, committed 640K, reserved 1048576K
Event: 28.441 GC heap after
Heap after GC invocations=9 (full 0):
 PSYoungGen      total 277504K, used 39416K [0x00000000eab00000, 0x0000000100000000, 0x0000000100000000)
  eden space 238080K, 0% used [0x00000000eab00000,0x00000000eab00000,0x00000000f9380000)
  from space 39424K, 99% used [0x00000000f9380000,0x00000000fb9fe0e8,0x00000000fba00000)
  to   space 56832K, 0% used [0x00000000fc880000,0x00000000fc880000,0x0000000100000000)
 ParOldGen       total 84992K, used 59385K [0x00000000c0000000, 0x00000000c5300000, 0x00000000eab00000)
  object space 84992K, 69% used [0x00000000c0000000,0x00000000c39fe710,0x00000000c5300000)
 Metaspace       used 6449K, capacity 7216K, committed 7296K, reserved 1056768K
  class space    used 593K, capacity 616K, committed 640K, reserved 1048576K
}
Event: 30.832 GC heap before
{Heap before GC invocations=10 (full 0):
 PSYoungGen      total 277504K, used 277496K [0x00000000eab00000, 0x0000000100000000, 0x0000000100000000)
  eden space 238080K, 100% used [0x00000000eab00000,0x00000000f9380000,0x00000000f9380000)
  from space 39424K, 99% used [0x00000000f9380000,0x00000000fb9fe0e8,0x00000000fba00000)
  to   space 56832K, 0% used [0x00000000fc880000,0x00000000fc880000,0x0000000100000000)
 ParOldGen       total 84992K, used 59385K [0x00000000c0000000, 0x00000000c5300000, 0x00000000eab00000)
  object space 84992K, 69% used [0x00000000c0000000,0x00000000c39fe710,0x00000000c5300000)
 Metaspace       used 6494K, capacity 7280K, committed 7552K, reserved 1056768K
  class space    used 593K, capacity 616K, committed 640K, reserved 1048576K
Event: 30.965 GC heap after
Heap after GC invocations=10 (full 0):
 PSYoungGen      total 275968K, used 52338K [0x00000000eab00000, 0x0000000100000000, 0x0000000100000000)
  eden space 219136K, 0% used [0x00000000eab00000,0x00000000eab00000,0x00000000f8100000)
  from space 56832K, 92% used [0x00000000fc880000,0x00000000ffb9cbb8,0x0000000100000000)
  to   space 65024K, 0% used [0x00000000f8100000,0x00000000f8100000,0x00000000fc080000)
 ParOldGen       total 84992K, used 81285K [0x00000000c0000000, 0x00000000c5300000, 0x00000000eab00000)
  object space 84992K, 95% used [0x00000000c0000000,0x00000000c4f61428,0x00000000c5300000)
 Metaspace       used 6494K, capacity 7280K, committed 7552K, reserved 1056768K
  class space    used 593K, capacity 616K, committed 640K, reserved 1048576K
}
Event: 30.965 GC heap before
{Heap before GC invocations=11 (full 1):
 PSYoungGen      total 275968K, used 52338K [0x00000000eab00000, 0x0000000100000000, 0x0000000100000000)
  eden space 219136K, 0% used [0x00000000eab00000,0x00000000eab00000,0x00000000f8100000)
  from space 56832K, 92% used [0x00000000fc880000,0x00000000ffb9cbb8,0x0000000100000000)
  to   space 65024K, 0% used [0x00000000f8100000,0x00000000f8100000,0x00000000fc080000)
 ParOldGen       total 84992K, used 81285K [0x00000000c0000000, 0x00000000c5300000, 0x00000000eab00000)
  object space 84992K, 95% used [0x00000000c0000000,0x00000000c4f61428,0x00000000c5300000)
 Metaspace       used 6494K, capacity 7280K, committed 7552K, reserved 1056768K
  class space    used 593K, capacity 616K, committed 640K, reserved 1048576K
Event: 31.747 GC heap after
Heap after GC invocations=11 (full 1):
 PSYoungGen      total 275968K, used 43192K [0x00000000eab00000, 0x0000000100000000, 0x0000000100000000)
  eden space 219136K, 0% used [0x00000000eab00000,0x00000000eab00000,0x00000000f8100000)
  from space 56832K, 76% used [0x00000000fc880000,0x00000000ff2ae1f0,0x0000000100000000)
  to   space 65024K, 0% used [0x00000000f8100000,0x00000000f8100000,0x00000000fc080000)
 ParOldGen       total 147456K, used 84648K [0x00000000c0000000, 0x00000000c9000000, 0x00000000eab00000)
  object space 147456K, 57% used [0x00000000c0000000,0x00000000c52aa0a8,0x00000000c9000000)
 Metaspace       used 6494K, capacity 7280K, committed 7552K, reserved 1056768K
  class space    used 593K, capacity 616K, committed 640K, reserved 1048576K
}
Event: 33.313 GC heap before
{Heap before GC invocations=12 (full 1):
 PSYoungGen      total 275968K, used 262328K [0x00000000eab00000, 0x0000000100000000, 0x0000000100000000)
  eden space 219136K, 100% used [0x00000000eab00000,0x00000000f8100000,0x00000000f8100000)
  from space 56832K, 76% used [0x00000000fc880000,0x00000000ff2ae1f0,0x0000000100000000)
  to   space 65024K, 0% used [0x00000000f8100000,0x00000000f8100000,0x00000000fc080000)
 ParOldGen       total 147456K, used 84648K [0x00000000c0000000, 0x00000000c9000000, 0x00000000eab00000)
  object space 147456K, 57% used [0x00000000c0000000,0x00000000c52aa0a8,0x00000000c9000000)
 Metaspace       used 6516K, capacity 7280K, committed 7552K, reserved 1056768K
  class space    used 593K, capacity 616K, committed 640K, reserved 1048576K
Event: 33.935 GC heap after
Heap after GC invocations=12 (full 1):
 PSYoungGen      total 284160K, used 31097K [0x00000000eab00000, 0x0000000100000000, 0x0000000100000000)
  eden space 219136K, 0% used [0x00000000eab00000,0x00000000eab00000,0x00000000f8100000)
  from space 65024K, 47% used [0x00000000f8100000,0x00000000f9f5e6b0,0x00000000fc080000)
  to   space 63488K, 0% used [0x00000000fc200000,0x00000000fc200000,0x0000000100000000)
 ParOldGen       total 147456K, used 126767K [0x00000000c0000000, 0x00000000c9000000, 0x00000000eab00000)
  object space 147456K, 85% used [0x00000000c0000000,0x00000000c7bcbd68,0x00000000c9000000)
 Metaspace       used 6516K, capacity 7280K, committed 7552K, reserved 1056768K
  class space    used 593K, capacity 616K, committed 640K, reserved 1048576K
}
Event: 35.015 GC heap before
{Heap before GC invocations=13 (full 2):
 PSYoungGen      total 284160K, used 31097K [0x00000000eab00000, 0x0000000100000000, 0x0000000100000000)
  eden space 219136K, 0% used [0x00000000eab00000,0x00000000eab00000,0x00000000f8100000)
  from space 65024K, 47% used [0x00000000f8100000,0x00000000f9f5e6b0,0x00000000fc080000)
  to   space 63488K, 0% used [0x00000000fc200000,0x00000000fc200000,0x0000000100000000)
 ParOldGen       total 147456K, used 126767K [0x00000000c0000000, 0x00000000c9000000, 0x00000000eab00000)
  object space 147456K, 85% used [0x00000000c0000000,0x00000000c7bcbd68,0x00000000c9000000)
 Metaspace       used 6516K, capacity 7280K, committed 7552K, reserved 1056768K
  class space    used 593K, capacity 616K, committed 640K, reserved 1048576K

Deoptimization events (10 events):
Event: 30.811 Thread 0x00007f2b6000a800 Uncommon trap: reason=bimorphic action=maybe_recompile pc=0x00007f2b51a10894 method=com.android.dx.ssa.SCCP.setLatticeValueTo(IILcom/android/dx/rop/cst/Constant;)Z @ 43
Event: 30.811 Thread 0x00007f2b6000a800 Uncommon trap: reason=bimorphic action=maybe_recompile pc=0x00007f2b519ea5b4 method=com.android.dx.ssa.SCCP.setLatticeValueTo(IILcom/android/dx/rop/cst/Constant;)Z @ 43
Event: 30.811 Thread 0x00007f2b6000a800 Uncommon trap: reason=bimorphic action=maybe_recompile pc=0x00007f2b519ea5b4 method=com.android.dx.ssa.SCCP.setLatticeValueTo(IILcom/android/dx/rop/cst/Constant;)Z @ 43
Event: 30.825 Thread 0x00007f2b60187800 Uncommon trap: reason=unstable_if action=reinterpret pc=0x00007f2b519f3728 method=com.android.dx.ssa.DeadCodeRemover.pruneDeadInstructions()V @ 49
Event: 31.756 Thread 0x00007f2b60187800 Uncommon trap: reason=bimorphic action=maybe_recompile pc=0x00007f2b51a10894 method=com.android.dx.ssa.SCCP.setLatticeValueTo(IILcom/android/dx/rop/cst/Constant;)Z @ 43
Event: 32.436 Thread 0x00007f2b60189000 Uncommon trap: reason=unstable_if action=reinterpret pc=0x00007f2b51a5f0fc method=com.android.dx.util.BitIntSet.has(I)Z @ 8
Event: 32.709 Thread 0x00007f2b60187800 Uncommon trap: reason=unstable_if action=reinterpret pc=0x00007f2b51a91b14 method=com.android.dx.ssa.SsaMethod.blockIndexToRopLabel(I)I @ 1
Event: 32.820 Thread 0x00007f2b60182800 Uncommon trap: reason=unstable_if action=reinterpret pc=0x00007f2b51aabc3c method=com.android.dx.rop.type.Type.isReference()Z @ 6
Event: 33.260 Thread 0x00007f2b60189000 Uncommon trap: reason=bimorphic action=maybe_recompile pc=0x00007f2b519d03f0 method=com.android.dx.cf.code.BytecodeArray.parseInstruction(ILcom/android/dx/cf/code/BytecodeArray$Visitor;)I @ 2554
Event: 33.273 Thread 0x00007f2b60189000 Uncommon trap: reason=bimorphic action=maybe_recompile pc=0x00007f2b519d03f0 method=com.android.dx.cf.code.BytecodeArray.parseInstruction(ILcom/android/dx/cf/code/BytecodeArray$Visitor;)I @ 2554

Internal exceptions (8 events):
Event: 0.087 Thread 0x00007f2b6000a800 Exception <a 'java/lang/NoSuchMethodError': Method sun.misc.Unsafe.defineClass(Ljava/lang/String;[BII)Ljava/lang/Class; name or signature does not match> (0x00000000eab07cc0) thrown at [/ssd/Android/AOSP-openjdk/external/jetbrains/jdk/hotspot/src/share/vm
Event: 0.088 Thread 0x00007f2b6000a800 Exception <a 'java/lang/NoSuchMethodError': Method sun.misc.Unsafe.prefetchRead(Ljava/lang/Object;J)V name or signature does not match> (0x00000000eab07fa8) thrown at [/ssd/Android/AOSP-openjdk/external/jetbrains/jdk/hotspot/src/share/vm/prims/jni.cpp, li
Event: 1.205 Thread 0x00007f2b60189000 Implicit null exception at 0x00007f2b5130552c to 0x00007f2b51308429
Event: 1.471 Thread 0x00007f2b60187800 Implicit null exception at 0x00007f2b51343009 to 0x00007f2b513456c9
Event: 1.619 Thread 0x00007f2b60187800 Implicit null exception at 0x00007f2b513ca17b to 0x00007f2b513ca305
Event: 1.758 Thread 0x00007f2b60186000 Exception <a 'java/lang/ArrayIndexOutOfBoundsException': 18> (0x00000000ed5934d8) thrown at [/ssd/Android/AOSP-openjdk/external/jetbrains/jdk/hotspot/src/share/vm/interpreter/interpreterRuntime.cpp, line 366]
Event: 1.758 Thread 0x00007f2b60186000 Exception <a 'java/lang/ArrayIndexOutOfBoundsException': 145> (0x00000000ed595058) thrown at [/ssd/Android/AOSP-openjdk/external/jetbrains/jdk/hotspot/src/share/vm/interpreter/interpreterRuntime.cpp, line 366]
Event: 1.765 Thread 0x00007f2b60186000 Exception <a 'java/lang/ArrayIndexOutOfBoundsException'> (0x00000000ed596340) thrown at [/ssd/Android/AOSP-openjdk/external/jetbrains/jdk/hotspot/src/share/vm/runtime/sharedRuntime.cpp, line 605]

Events (10 events):
Event: 33.260 Thread 0x00007f2b60189000 DEOPT PACKING pc=0x00007f2b519d03f0 sp=0x00007f2b4d709e60
Event: 33.260 Thread 0x00007f2b60189000 DEOPT UNPACKING pc=0x00007f2b51004f69 sp=0x00007f2b4d709e30 mode 2
Event: 33.273 Thread 0x00007f2b60189000 Uncommon trap: trap_request=0xffffffc6 fr.pc=0x00007f2b519d03f0
Event: 33.273 Thread 0x00007f2b60189000 DEOPT PACKING pc=0x00007f2b519d03f0 sp=0x00007f2b4d709ee0
Event: 33.273 Thread 0x00007f2b60189000 DEOPT UNPACKING pc=0x00007f2b51004f69 sp=0x00007f2b4d709eb0 mode 2
Event: 33.301 Thread 0x00007f2b60187800 DEOPT PACKING pc=0x00007f2b51534580 sp=0x00007f2b4d80b0d0
Event: 33.301 Thread 0x00007f2b60187800 DEOPT UNPACKING pc=0x00007f2b51047373 sp=0x00007f2b4d80af20 mode 0
Event: 33.312 Thread 0x00007f2b60189000 DEOPT PACKING pc=0x00007f2b515da96d sp=0x00007f2b4d709e90
Event: 33.312 Thread 0x00007f2b60189000 DEOPT UNPACKING pc=0x00007f2b51047373 sp=0x00007f2b4d709cf0 mode 0
Event: 33.313 Executing VM operation: ParallelGCFailedAllocation


Dynamic libraries:
00400000-00401000 r-xp 00000000 08:01 11419229                           /home/android/Documents/Studio_setup/android-studio/jre/bin/java
00600000-00601000 r--p 00000000 08:01 11419229                           /home/android/Documents/Studio_setup/android-studio/jre/bin/java
00601000-00602000 rw-p 00001000 08:01 11419229                           /home/android/Documents/Studio_setup/android-studio/jre/bin/java
01ca1000-01cc2000 rw-p 00000000 00:00 0                                  [heap]
c0000000-c9000000 rw-p 00000000 00:00 0 
cef00000-eab00000 ---p 00000000 00:00 0 
eab00000-100000000 rw-p 00000000 00:00 0 
100000000-1000a0000 rw-p 00000000 00:00 0 
1000a0000-140000000 ---p 00000000 00:00 0 
7f2af8000000-7f2af802a000 rw-p 00000000 00:00 0 
7f2af802a000-7f2afc000000 ---p 00000000 00:00 0 
7f2b00000000-7f2b0002d000 rw-p 00000000 00:00 0 
7f2b0002d000-7f2b04000000 ---p 00000000 00:00 0 
7f2b04000000-7f2b04021000 rw-p 00000000 00:00 0 
7f2b04021000-7f2b08000000 ---p 00000000 00:00 0 
7f2b08000000-7f2b08046000 rw-p 00000000 00:00 0 
7f2b08046000-7f2b0c000000 ---p 00000000 00:00 0 
7f2b0c000000-7f2b0c021000 rw-p 00000000 00:00 0 
7f2b0c021000-7f2b10000000 ---p 00000000 00:00 0 
7f2b10000000-7f2b10021000 rw-p 00000000 00:00 0 
7f2b10021000-7f2b14000000 ---p 00000000 00:00 0 
7f2b14000000-7f2b14021000 rw-p 00000000 00:00 0 
7f2b14021000-7f2b18000000 ---p 00000000 00:00 0 
7f2b18000000-7f2b19736000 rw-p 00000000 00:00 0 
7f2b19736000-7f2b1c000000 ---p 00000000 00:00 0 
7f2b1c000000-7f2b1c93e000 rw-p 00000000 00:00 0 
7f2b1c93e000-7f2b20000000 ---p 00000000 00:00 0 
7f2b20000000-7f2b20021000 rw-p 00000000 00:00 0 
7f2b20021000-7f2b24000000 ---p 00000000 00:00 0 
7f2b24000000-7f2b2528d000 rw-p 00000000 00:00 0 
7f2b2528d000-7f2b28000000 ---p 00000000 00:00 0 
7f2b28000000-7f2b28021000 rw-p 00000000 00:00 0 
7f2b28021000-7f2b2c000000 ---p 00000000 00:00 0 
7f2b2c000000-7f2b2c021000 rw-p 00000000 00:00 0 
7f2b2c021000-7f2b30000000 ---p 00000000 00:00 0 
7f2b30000000-7f2b30021000 rw-p 00000000 00:00 0 
7f2b30021000-7f2b34000000 ---p 00000000 00:00 0 
7f2b34000000-7f2b34295000 rw-p 00000000 00:00 0 
7f2b34295000-7f2b38000000 ---p 00000000 00:00 0 
7f2b38000000-7f2b38021000 rw-p 00000000 00:00 0 
7f2b38021000-7f2b3c000000 ---p 00000000 00:00 0 
7f2b40000000-7f2b40021000 rw-p 00000000 00:00 0 
7f2b40021000-7f2b44000000 ---p 00000000 00:00 0 
7f2b48000000-7f2b48021000 rw-p 00000000 00:00 0 
7f2b48021000-7f2b4c000000 ---p 00000000 00:00 0 
7f2b4d60b000-7f2b4d60e000 ---p 00000000 00:00 0 
7f2b4d60e000-7f2b4d70c000 rw-p 00000000 00:00 0 
7f2b4d70c000-7f2b4d70f000 ---p 00000000 00:00 0 
7f2b4d70f000-7f2b4d80d000 rw-p 00000000 00:00 0 
7f2b4d80d000-7f2b4d810000 ---p 00000000 00:00 0 
7f2b4d810000-7f2b4d90e000 rw-p 00000000 00:00 0 
7f2b4d90e000-7f2b4d911000 ---p 00000000 00:00 0 
7f2b4d911000-7f2b4da0f000 rw-p 00000000 00:00 0 
7f2b4da0f000-7f2b4da12000 ---p 00000000 00:00 0 
7f2b4da12000-7f2b4db10000 rw-p 00000000 00:00 0 
7f2b4db10000-7f2b4db11000 ---p 00000000 00:00 0 
7f2b4db11000-7f2b4dc11000 rw-p 00000000 00:00 0 
7f2b4dc11000-7f2b4dc14000 ---p 00000000 00:00 0 
7f2b4dc14000-7f2b4dd12000 rw-p 00000000 00:00 0 
7f2b4dd12000-7f2b4dd15000 ---p 00000000 00:00 0 
7f2b4dd15000-7f2b4de13000 rw-p 00000000 00:00 0 
7f2b4de13000-7f2b4de16000 ---p 00000000 00:00 0 
7f2b4de16000-7f2b4df14000 rw-p 00000000 00:00 0 
7f2b4df14000-7f2b4df17000 ---p 00000000 00:00 0 
7f2b4df17000-7f2b4e015000 rw-p 00000000 00:00 0 
7f2b4e015000-7f2b4e018000 ---p 00000000 00:00 0 
7f2b4e018000-7f2b4e116000 rw-p 00000000 00:00 0 
7f2b4e116000-7f2b4e7f8000 r--p 00000000 08:01 8133439                    /usr/lib/locale/locale-archive
7f2b4e7f8000-7f2b4e7fb000 ---p 00000000 00:00 0 
7f2b4e7fb000-7f2b4e8f9000 rw-p 00000000 00:00 0 
7f2b4e8f9000-7f2b4e8fc000 ---p 00000000 00:00 0 
7f2b4e8fc000-7f2b4e9fa000 rw-p 00000000 00:00 0 
7f2b4e9fa000-7f2b4e9fb000 ---p 00000000 00:00 0 
7f2b4e9fb000-7f2b51000000 rw-p 00000000 00:00 0 
7f2b51000000-7f2b51b20000 rwxp 00000000 00:00 0 
7f2b51b20000-7f2b60000000 ---p 00000000 00:00 0 
7f2b60000000-7f2b603c4000 rw-p 00000000 00:00 0 
7f2b603c4000-7f2b64000000 ---p 00000000 00:00 0 
7f2b6406a000-7f2b640db000 r--s 00542000 08:01 789629                     /home/android/Documents/MXI Projects/Line/BackUp/May/15_05_17/LineApp/app/build/intermediates/transforms/jarMerging/debug/jars/1/1f/combined.jar
7f2b640db000-7f2b64b95000 rw-p 00000000 00:00 0 
7f2b64b95000-7f2b64d62000 r--s 03bec000 08:01 11806854                   /home/android/Documents/Studio_setup/android-studio/jre/jre/lib/rt.jar
7f2b64d62000-7f2b65498000 rw-p 00000000 00:00 0 
7f2b65498000-7f2b655d8000 ---p 00000000 00:00 0 
7f2b655d8000-7f2b657d8000 rw-p 00000000 00:00 0 
7f2b657d8000-7f2b657d9000 ---p 00000000 00:00 0 
7f2b657d9000-7f2b658d9000 rw-p 00000000 00:00 0 
7f2b658d9000-7f2b658da000 ---p 00000000 00:00 0 
7f2b658da000-7f2b659da000 rw-p 00000000 00:00 0 
7f2b659da000-7f2b659db000 ---p 00000000 00:00 0 
7f2b659db000-7f2b65adb000 rw-p 00000000 00:00 0 
7f2b65adb000-7f2b65adc000 ---p 00000000 00:00 0 
7f2b65adc000-7f2b65c24000 rw-p 00000000 00:00 0 
7f2b65c24000-7f2b65d32000 ---p 00000000 00:00 0 
7f2b65d32000-7f2b65d7a000 rw-p 00000000 00:00 0 
7f2b65d7a000-7f2b65e87000 ---p 00000000 00:00 0 
7f2b65e87000-7f2b65f32000 rw-p 00000000 00:00 0 
7f2b65f32000-7f2b65f60000 rw-p 00000000 00:00 0 
7f2b65f60000-7f2b662f3000 ---p 00000000 00:00 0 
7f2b662f3000-7f2b6630d000 r-xp 00000000 08:01 11806878                   /home/android/Documents/Studio_setup/android-studio/jre/jre/lib/amd64/libzip.so
7f2b6630d000-7f2b6650d000 ---p 0001a000 08:01 11806878                   /home/android/Documents/Studio_setup/android-studio/jre/jre/lib/amd64/libzip.so
7f2b6650d000-7f2b6650e000 r--p 0001a000 08:01 11806878                   /home/android/Documents/Studio_setup/android-studio/jre/jre/lib/amd64/libzip.so
7f2b6650e000-7f2b6650f000 rw-p 0001b000 08:01 11806878                   /home/android/Documents/Studio_setup/android-studio/jre/jre/lib/amd64/libzip.so
7f2b6650f000-7f2b66519000 r-xp 00000000 08:01 6954087                    /lib/x86_64-linux-gnu/libnss_files-2.19.so
7f2b66519000-7f2b66718000 ---p 0000a000 08:01 6954087                    /lib/x86_64-linux-gnu/libnss_files-2.19.so
7f2b66718000-7f2b66719000 r--p 00009000 08:01 6954087                    /lib/x86_64-linux-gnu/libnss_files-2.19.so
7f2b66719000-7f2b6671a000 rw-p 0000a000 08:01 6954087                    /lib/x86_64-linux-gnu/libnss_files-2.19.so
7f2b6671a000-7f2b66725000 r-xp 00000000 08:01 6954079                    /lib/x86_64-linux-gnu/libnss_nis-2.19.so
7f2b66725000-7f2b66924000 ---p 0000b000 08:01 6954079                    /lib/x86_64-linux-gnu/libnss_nis-2.19.so
7f2b66924000-7f2b66925000 r--p 0000a000 08:01 6954079                    /lib/x86_64-linux-gnu/libnss_nis-2.19.so
7f2b66925000-7f2b66926000 rw-p 0000b000 08:01 6954079                    /lib/x86_64-linux-gnu/libnss_nis-2.19.so
7f2b66926000-7f2b6693d000 r-xp 00000000 08:01 6954075                    /lib/x86_64-linux-gnu/libnsl-2.19.so
7f2b6693d000-7f2b66b3c000 ---p 00017000 08:01 6954075                    /lib/x86_64-linux-gnu/libnsl-2.19.so
7f2b66b3c000-7f2b66b3d000 r--p 00016000 08:01 6954075                    /lib/x86_64-linux-gnu/libnsl-2.19.so
7f2b66b3d000-7f2b66b3e000 rw-p 00017000 08:01 6954075                    /lib/x86_64-linux-gnu/libnsl-2.19.so
7f2b66b3e000-7f2b66b40000 rw-p 00000000 00:00 0 
7f2b66b40000-7f2b66b49000 r-xp 00000000 08:01 6954074                    /lib/x86_64-linux-gnu/libnss_compat-2.19.so
7f2b66b49000-7f2b66d48000 ---p 00009000 08:01 6954074                    /lib/x86_64-linux-gnu/libnss_compat-2.19.so
7f2b66d48000-7f2b66d49000 r--p 00008000 08:01 6954074                    /lib/x86_64-linux-gnu/libnss_compat-2.19.so
7f2b66d49000-7f2b66d4a000 rw-p 00009000 08:01 6954074                    /lib/x86_64-linux-gnu/libnss_compat-2.19.so
7f2b66d4a000-7f2b66d77000 r-xp 00000000 08:01 11806888                   /home/android/Documents/Studio_setup/android-studio/jre/jre/lib/amd64/libjava.so
7f2b66d77000-7f2b66f76000 ---p 0002d000 08:01 11806888                   /home/android/Documents/Studio_setup/android-studio/jre/jre/lib/amd64/libjava.so
7f2b66f76000-7f2b66f77000 r--p 0002c000 08:01 11806888                   /home/android/Documents/Studio_setup/android-studio/jre/jre/lib/amd64/libjava.so
7f2b66f77000-7f2b66f79000 rw-p 0002d000 08:01 11806888                   /home/android/Documents/Studio_setup/android-studio/jre/jre/lib/amd64/libjava.so
7f2b66f79000-7f2b66f89000 r-xp 00000000 08:01 11806904                   /home/android/Documents/Studio_setup/android-studio/jre/jre/lib/amd64/libverify.so
7f2b66f89000-7f2b67188000 ---p 00010000 08:01 11806904                   /home/android/Documents/Studio_setup/android-studio/jre/jre/lib/amd64/libverify.so
7f2b67188000-7f2b6718a000 r--p 0000f000 08:01 11806904                   /home/android/Documents/Studio_setup/android-studio/jre/jre/lib/amd64/libverify.so
7f2b6718a000-7f2b6718b000 rw-p 00011000 08:01 11806904                   /home/android/Documents/Studio_setup/android-studio/jre/jre/lib/amd64/libverify.so
7f2b6718b000-7f2b67192000 r-xp 00000000 08:01 6954083                    /lib/x86_64-linux-gnu/librt-2.19.so
7f2b67192000-7f2b67391000 ---p 00007000 08:01 6954083                    /lib/x86_64-linux-gnu/librt-2.19.so
7f2b67391000-7f2b67392000 r--p 00006000 08:01 6954083                    /lib/x86_64-linux-gnu/librt-2.19.so
7f2b67392000-7f2b67393000 rw-p 00007000 08:01 6954083                    /lib/x86_64-linux-gnu/librt-2.19.so
7f2b67393000-7f2b67498000 r-xp 00000000 08:01 6954069                    /lib/x86_64-linux-gnu/libm-2.19.so
7f2b67498000-7f2b67697000 ---p 00105000 08:01 6954069                    /lib/x86_64-linux-gnu/libm-2.19.so
7f2b67697000-7f2b67698000 r--p 00104000 08:01 6954069                    /lib/x86_64-linux-gnu/libm-2.19.so
7f2b67698000-7f2b67699000 rw-p 00105000 08:01 6954069                    /lib/x86_64-linux-gnu/libm-2.19.so
7f2b67699000-7f2b6827f000 r-xp 00000000 08:01 11806907                   /home/android/Documents/Studio_setup/android-studio/jre/jre/lib/amd64/server/libjvm.so
7f2b6827f000-7f2b6847f000 ---p 00be6000 08:01 11806907                   /home/android/Documents/Studio_setup/android-studio/jre/jre/lib/amd64/server/libjvm.so
7f2b6847f000-7f2b6851e000 r--p 00be6000 08:01 11806907                   /home/android/Documents/Studio_setup/android-studio/jre/jre/lib/amd64/server/libjvm.so
7f2b6851e000-7f2b68547000 rw-p 00c85000 08:01 11806907                   /home/android/Documents/Studio_setup/android-studio/jre/jre/lib/amd64/server/libjvm.so
7f2b68547000-7f2b68589000 rw-p 00000000 00:00 0 
7f2b68589000-7f2b685a2000 r-xp 00000000 08:01 6954076                    /lib/x86_64-linux-gnu/libpthread-2.19.so
7f2b685a2000-7f2b687a1000 ---p 00019000 08:01 6954076                    /lib/x86_64-linux-gnu/libpthread-2.19.so
7f2b687a1000-7f2b687a2000 r--p 00018000 08:01 6954076                    /lib/x86_64-linux-gnu/libpthread-2.19.so
7f2b687a2000-7f2b687a3000 rw-p 00019000 08:01 6954076                    /lib/x86_64-linux-gnu/libpthread-2.19.so
7f2b687a3000-7f2b687a7000 rw-p 00000000 00:00 0 
7f2b687a7000-7f2b687aa000 r-xp 00000000 08:01 6954071                    /lib/x86_64-linux-gnu/libdl-2.19.so
7f2b687aa000-7f2b689a9000 ---p 00003000 08:01 6954071                    /lib/x86_64-linux-gnu/libdl-2.19.so
7f2b689a9000-7f2b689aa000 r--p 00002000 08:01 6954071                    /lib/x86_64-linux-gnu/libdl-2.19.so
7f2b689aa000-7f2b689ab000 rw-p 00003000 08:01 6954071                    /lib/x86_64-linux-gnu/libdl-2.19.so
7f2b689ab000-7f2b68b65000 r-xp 00000000 08:01 6954084                    /lib/x86_64-linux-gnu/libc-2.19.so
7f2b68b65000-7f2b68d65000 ---p 001ba000 08:01 6954084                    /lib/x86_64-linux-gnu/libc-2.19.so
7f2b68d65000-7f2b68d69000 r--p 001ba000 08:01 6954084                    /lib/x86_64-linux-gnu/libc-2.19.so
7f2b68d69000-7f2b68d6b000 rw-p 001be000 08:01 6954084                    /lib/x86_64-linux-gnu/libc-2.19.so
7f2b68d6b000-7f2b68d70000 rw-p 00000000 00:00 0 
7f2b68d70000-7f2b68d86000 r-xp 00000000 08:01 11409282                   /home/android/Documents/Studio_setup/android-studio/jre/lib/amd64/jli/libjli.so
7f2b68d86000-7f2b68f85000 ---p 00016000 08:01 11409282                   /home/android/Documents/Studio_setup/android-studio/jre/lib/amd64/jli/libjli.so
7f2b68f85000-7f2b68f86000 r--p 00015000 08:01 11409282                   /home/android/Documents/Studio_setup/android-studio/jre/lib/amd64/jli/libjli.so
7f2b68f86000-7f2b68f87000 rw-p 00016000 08:01 11409282                   /home/android/Documents/Studio_setup/android-studio/jre/lib/amd64/jli/libjli.so
7f2b68f87000-7f2b68faa000 r-xp 00000000 08:01 6954077                    /lib/x86_64-linux-gnu/ld-2.19.so
7f2b68faf000-7f2b69088000 rw-p 00000000 00:00 0 
7f2b69088000-7f2b6908b000 ---p 00000000 00:00 0 
7f2b6908b000-7f2b6918d000 rw-p 00000000 00:00 0 
7f2b6918e000-7f2b6918f000 rw-p 00000000 00:00 0 
7f2b6918f000-7f2b6919d000 r--s 000e0000 08:01 13132627                   /home/android/Android/Sdk/build-tools/25.0.2/lib/dx.jar
7f2b6919d000-7f2b691a5000 rw-s 00000000 08:01 13790021                   /tmp/hsperfdata_android/8242
7f2b691a5000-7f2b691a6000 rw-p 00000000 00:00 0 
7f2b691a6000-7f2b691a7000 ---p 00000000 00:00 0 
7f2b691a7000-7f2b691a9000 rw-p 00000000 00:00 0 
7f2b691a9000-7f2b691aa000 r--p 00022000 08:01 6954077                    /lib/x86_64-linux-gnu/ld-2.19.so
7f2b691aa000-7f2b691ab000 rw-p 00023000 08:01 6954077                    /lib/x86_64-linux-gnu/ld-2.19.so
7f2b691ab000-7f2b691ac000 rw-p 00000000 00:00 0 
7fffcd4e7000-7fffcd508000 rw-p 00000000 00:00 0                          [stack]
7fffcd53b000-7fffcd53d000 r--p 00000000 00:00 0                          [vvar]
7fffcd53d000-7fffcd53f000 r-xp 00000000 00:00 0                          [vdso]
ffffffffff600000-ffffffffff601000 r-xp 00000000 00:00 0                  [vsyscall]

VM Arguments:
jvm_args: -Djava.awt.headless=true -Xmx1024M -Dfile.encoding=UTF-8 -Duser.country=IN -Duser.language=en -Duser.variant 
java_command: com.android.dx.command.Main --dex --num-threads=4 --multi-dex --main-dex-list /home/android/Documents/MXI Projects/Line/BackUp/May/15_05_17/LineApp/app/build/intermediates/multi-dex/debug/maindexlist.txt --output /home/android/Documents/MXI Projects/Line/BackUp/May/15_05_17/LineApp/app/build/intermediates/transforms/dex/debug/folders/1000/1f/main /home/android/Documents/MXI Projects/Line/BackUp/May/15_05_17/LineApp/app/build/intermediates/transforms/jarMerging/debug/jars/1/1f/combined.jar
java_class_path (initial): /home/android/Android/Sdk/build-tools/25.0.2/lib/dx.jar
Launcher Type: SUN_STANDARD

Environment Variables:
JAVA_HOME=/usr/lib/jvm/java-8-oracle
PATH=/usr/local/sbin:/usr/local/bin:/usr/sbin:/usr/bin:/sbin:/bin:/usr/games:/usr/local/games:/usr/lib/jvm/java-8-oracle/bin:/usr/lib/jvm/java-8-oracle/db/bin:/usr/lib/jvm/java-8-oracle/jre/bin
LD_LIBRARY_PATH=/home/android/Documents/Studio_setup/android-studio/bin:
SHELL=/bin/bash
DISPLAY=:0

Signal Handlers:
SIGSEGV: [libjvm.so+0x9daac0], sa_mask[0]=11111111011111111101111111111110, sa_flags=SA_RESTART|SA_SIGINFO
SIGBUS: [libjvm.so+0x9daac0], sa_mask[0]=11111111011111111101111111111110, sa_flags=SA_RESTART|SA_SIGINFO
SIGFPE: [libjvm.so+0x840d90], sa_mask[0]=11111111011111111101111111111110, sa_flags=SA_RESTART|SA_SIGINFO
SIGPIPE: [libjvm.so+0x840d90], sa_mask[0]=11111111011111111101111111111110, sa_flags=SA_RESTART|SA_SIGINFO
SIGXFSZ: [libjvm.so+0x840d90], sa_mask[0]=11111111011111111101111111111110, sa_flags=SA_RESTART|SA_SIGINFO
SIGILL: [libjvm.so+0x840d90], sa_mask[0]=11111111011111111101111111111110, sa_flags=SA_RESTART|SA_SIGINFO
SIGUSR1: SIG_DFL, sa_mask[0]=00000000000000000000000000000000, sa_flags=none
SIGUSR2: [libjvm.so+0x840c60], sa_mask[0]=00100000000000000000000000000000, sa_flags=SA_RESTART|SA_SIGINFO
SIGHUP: [libjvm.so+0x840e50], sa_mask[0]=11111111011111111101111111111110, sa_flags=SA_RESTART|SA_SIGINFO
SIGINT: [libjvm.so+0x840e50], sa_mask[0]=11111111011111111101111111111110, sa_flags=SA_RESTART|SA_SIGINFO
SIGTERM: [libjvm.so+0x840e50], sa_mask[0]=11111111011111111101111111111110, sa_flags=SA_RESTART|SA_SIGINFO
SIGQUIT: [libjvm.so+0x840e50], sa_mask[0]=11111111011111111101111111111110, sa_flags=SA_RESTART|SA_SIGINFO


---------------  S Y S T E M  ---------------

OS:DISTRIB_ID=Ubuntu
DISTRIB_RELEASE=14.04
DISTRIB_CODENAME=trusty
DISTRIB_DESCRIPTION="Ubuntu 14.04.4 LTS"

uname:Linux 4.2.0-42-generic #49~14.04.1-Ubuntu SMP Wed Jun 29 20:22:11 UTC 2016 x86_64
libc:glibc 2.19 NPTL 2.19 
rlimit: STACK 8192k, CORE 0k, NPROC 31428, NOFILE 4096, AS infinity
load average:20.93 7.07 2.99

/proc/meminfo:
MemTotal:        8067160 kB
MemFree:          117960 kB
MemAvailable:      72864 kB
Buffers:             744 kB
Cached:          1140732 kB
SwapCached:            0 kB
Active:          6808216 kB
Inactive:         958948 kB
Active(anon):    6803404 kB
Inactive(anon):   934240 kB
Active(file):       4812 kB
Inactive(file):    24708 kB
Unevictable:          48 kB
Mlocked:              48 kB
SwapTotal:             0 kB
SwapFree:              0 kB
Dirty:               180 kB
Writeback:             0 kB
AnonPages:       6625896 kB
Mapped:           313528 kB
Shmem:           1111796 kB
Slab:              84436 kB
SReclaimable:      49232 kB
SUnreclaim:        35204 kB
KernelStack:       10512 kB
PageTables:        45988 kB
NFS_Unstable:          0 kB
Bounce:                0 kB
WritebackTmp:          0 kB
CommitLimit:     4033580 kB
Committed_AS:   11080656 kB
VmallocTotal:   34359738367 kB
VmallocUsed:      357748 kB
VmallocChunk:   34358947836 kB
HardwareCorrupted:     0 kB
AnonHugePages:   2473984 kB
CmaTotal:              0 kB
CmaFree:               0 kB
HugePages_Total:       0
HugePages_Free:        0
HugePages_Rsvd:        0
HugePages_Surp:        0
Hugepagesize:       2048 kB
DirectMap4k:      139716 kB
DirectMap2M:     8140800 kB


CPU:total 4 (2 cores per cpu, 2 threads per core) family 6 model 42 stepping 7, cmov, cx8, fxsr, mmx, sse, sse2, sse3, ssse3, sse4.1, sse4.2, popcnt, avx, clmul, ht, tsc, tscinvbit

/proc/cpuinfo:
processor	: 0
vendor_id	: GenuineIntel
cpu family	: 6
model		: 42
model name	: Intel(R) Core(TM) i3-2120 CPU @ 3.30GHz
stepping	: 7
microcode	: 0x28
cpu MHz		: 1617.386
cache size	: 3072 KB
physical id	: 0
siblings	: 4
core id		: 0
cpu cores	: 2
apicid		: 0
initial apicid	: 0
fpu		: yes
fpu_exception	: yes
cpuid level	: 13
wp		: yes
flags		: fpu vme de pse tsc msr pae mce cx8 apic sep mtrr pge mca cmov pat pse36 clflush dts acpi mmx fxsr sse sse2 ss ht tm pbe syscall nx rdtscp lm constant_tsc arch_perfmon pebs bts rep_good nopl xtopology nonstop_tsc aperfmperf eagerfpu pni pclmulqdq dtes64 monitor ds_cpl vmx est tm2 ssse3 cx16 xtpr pdcm pcid sse4_1 sse4_2 popcnt tsc_deadline_timer xsave avx lahf_lm arat epb pln pts dtherm tpr_shadow vnmi flexpriority ept vpid xsaveopt
bugs		:
bogomips	: 6585.15
clflush size	: 64
cache_alignment	: 64
address sizes	: 36 bits physical, 48 bits virtual
power management:

processor	: 1
vendor_id	: GenuineIntel
cpu family	: 6
model		: 42
model name	: Intel(R) Core(TM) i3-2120 CPU @ 3.30GHz
stepping	: 7
microcode	: 0x28
cpu MHz		: 1662.503
cache size	: 3072 KB
physical id	: 0
siblings	: 4
core id		: 1
cpu cores	: 2
apicid		: 2
initial apicid	: 2
fpu		: yes
fpu_exception	: yes
cpuid level	: 13
wp		: yes
flags		: fpu vme de pse tsc msr pae mce cx8 apic sep mtrr pge mca cmov pat pse36 clflush dts acpi mmx fxsr sse sse2 ss ht tm pbe syscall nx rdtscp lm constant_tsc arch_perfmon pebs bts rep_good nopl xtopology nonstop_tsc aperfmperf eagerfpu pni pclmulqdq dtes64 monitor ds_cpl vmx est tm2 ssse3 cx16 xtpr pdcm pcid sse4_1 sse4_2 popcnt tsc_deadline_timer xsave avx lahf_lm arat epb pln pts dtherm tpr_shadow vnmi flexpriority ept vpid xsaveopt
bugs		:
bogomips	: 6585.15
clflush size	: 64
cache_alignment	: 64
address sizes	: 36 bits physical, 48 bits virtual
power management:

processor	: 2
vendor_id	: GenuineIntel
cpu family	: 6
model		: 42
model name	: Intel(R) Core(TM) i3-2120 CPU @ 3.30GHz
stepping	: 7
microcode	: 0x28
cpu MHz		: 1641.750
cache size	: 3072 KB
physical id	: 0
siblings	: 4
core id		: 0
cpu cores	: 2
apicid		: 1
initial apicid	: 1
fpu		: yes
fpu_exception	: yes
cpuid level	: 13
wp		: yes
flags		: fpu vme de pse tsc msr pae mce cx8 apic sep mtrr pge mca cmov pat pse36 clflush dts acpi mmx fxsr sse sse2 ss ht tm pbe syscall nx rdtscp lm constant_tsc arch_perfmon pebs bts rep_good nopl xtopology nonstop_tsc aperfmperf eagerfpu pni pclmulqdq dtes64 monitor ds_cpl vmx est tm2 ssse3 cx16 xtpr pdcm pcid sse4_1 sse4_2 popcnt tsc_deadline_timer xsave avx lahf_lm arat epb pln pts dtherm tpr_shadow vnmi flexpriority ept vpid xsaveopt
bugs		:
bogomips	: 6585.15
clflush size	: 64
cache_alignment	: 64
address sizes	: 36 bits physical, 48 bits virtual
power management:

processor	: 3
vendor_id	: GenuineIntel
cpu family	: 6
model		: 42
model name	: Intel(R) Core(TM) i3-2120 CPU @ 3.30GHz
stepping	: 7
microcode	: 0x28
cpu MHz		: 1639.558
cache size	: 3072 KB
physical id	: 0
siblings	: 4
core id		: 1
cpu cores	: 2
apicid		: 3
initial apicid	: 3
fpu		: yes
fpu_exception	: yes
cpuid level	: 13
wp		: yes
flags		: fpu vme de pse tsc msr pae mce cx8 apic sep mtrr pge mca cmov pat pse36 clflush dts acpi mmx fxsr sse sse2 ss ht tm pbe syscall nx rdtscp lm constant_tsc arch_perfmon pebs bts rep_good nopl xtopology nonstop_tsc aperfmperf eagerfpu pni pclmulqdq dtes64 monitor ds_cpl vmx est tm2 ssse3 cx16 xtpr pdcm pcid sse4_1 sse4_2 popcnt tsc_deadline_timer xsave avx lahf_lm arat epb pln pts dtherm tpr_shadow vnmi flexpriority ept vpid xsaveopt
bugs		:
bogomips	: 6585.15
clflush size	: 64
cache_alignment	: 64
address sizes	: 36 bits physical, 48 bits virtual
power management:



Memory: 4k page, physical 8067160k(117960k free), swap 0k(0k free)

vm_info: OpenJDK 64-Bit Server VM (25.76-b03) for linux-amd64 JRE (1.8.0_76-release-b03), built on Jun 29 2016 09:39:19 by "builder" with gcc 4.8.4

time: Thu May 18 12:43:41 2017
elapsed time: 73 seconds (0d 0h 1m 13s)

